<?xml version="1.0" encoding="UTF-8"?>
<testng-results ignored="0" total="2" passed="2" failed="0" skipped="0">
  <reporter-output>
  </reporter-output>
  <suite started-at="2023-06-18T22:41:19 IST" name="Suite" finished-at="2023-06-18T22:41:21 IST" duration-ms="2326">
    <groups>
      <group name="cucumber">
        <method signature="TestRunnerTestNg.scenario(io.cucumber.testng.PickleWrapper,io.cucumber.testng.FeatureWrapper)[pri:0, instance:com.bdd.runner.TestRunnerTestNg@223191a6]" name="scenario" class="com.bdd.runner.TestRunnerTestNg"/>
      </group> <!-- cucumber -->
    </groups>
    <test started-at="2023-06-18T22:41:19 IST" name="Test" finished-at="2023-06-18T22:41:21 IST" duration-ms="2326">
      <class name="com.bdd.runner.TestRunnerTestNg">
        <test-method is-config="true" signature="setUpClass(org.testng.ITestContext)[pri:0, instance:com.bdd.runner.TestRunnerTestNg@223191a6]" started-at="2023-06-18T22:41:19 IST" name="setUpClass" finished-at="2023-06-18T22:41:21 IST" duration-ms="1715" status="PASS">
          <params>
            <param index="0">
              <value>
                <![CDATA[org.testng.TestRunner@37f21974]]>
              </value>
            </param>
          </params>
          <reporter-output>
          </reporter-output>
        </test-method> <!-- setUpClass -->
        <test-method signature="scenario(io.cucumber.testng.PickleWrapper,io.cucumber.testng.FeatureWrapper)[pri:0, instance:com.bdd.runner.TestRunnerTestNg@223191a6]" started-at="2023-06-18T22:41:21 IST" name="scenario" description="Runs Cucumber Scenarios" data-provider="scenarios" finished-at="2023-06-18T22:41:21 IST" duration-ms="287" status="PASS">
          <params>
            <param index="0">
              <value>
                <![CDATA["login with valid creds"]]>
              </value>
            </param>
            <param index="1">
              <value>
                <![CDATA["login"]]>
              </value>
            </param>
          </params>
          <reporter-output>
          </reporter-output>
        </test-method> <!-- scenario -->
        <test-method signature="scenario(io.cucumber.testng.PickleWrapper,io.cucumber.testng.FeatureWrapper)[pri:0, instance:com.bdd.runner.TestRunnerTestNg@223191a6]" started-at="2023-06-18T22:41:21 IST" name="scenario" description="Runs Cucumber Scenarios" data-provider="scenarios" finished-at="2023-06-18T22:41:21 IST" duration-ms="22" status="PASS">
          <params>
            <param index="0">
              <value>
                <![CDATA["login with valid creds"]]>
              </value>
            </param>
            <param index="1">
              <value>
                <![CDATA["login"]]>
              </value>
            </param>
          </params>
          <reporter-output>
          </reporter-output>
        </test-method> <!-- scenario -->
        <test-method is-config="true" signature="tearDownClass()[pri:0, instance:com.bdd.runner.TestRunnerTestNg@223191a6]" started-at="2023-06-18T22:41:21 IST" name="tearDownClass" finished-at="2023-06-18T22:41:21 IST" duration-ms="135" status="PASS">
          <reporter-output>
          </reporter-output>
        </test-method> <!-- tearDownClass -->
      </class> <!-- com.bdd.runner.TestRunnerTestNg -->
    </test> <!-- Test -->
  </suite> <!-- Suite -->
</testng-results>
